<?xml version="1.0" encoding="UTF-8"?>
<testsuite xmlns:xsi="http://www.w3.org/2001/XMLSchema-instance" xsi:noNamespaceSchemaLocation="https://maven.apache.org/surefire/maven-surefire-plugin/xsd/surefire-test-report.xsd" name="Runner.TestRunner" time="52.13" tests="55" errors="0" skipped="0" failures="0">
  <properties>
[...]
</properties>
  <testcase name="User has navigate to login page" classname="Login with valid credentials" time="0.754"/>
  <testcase name="While entering valid Email &quot;miniwilfred45@gmail.com&quot;" classname="Login with valid credentials" time="0.739"/>
  <testcase name="While entering valid Password &quot;12345&quot;" classname="Login with valid credentials" time="0.245"/>
  <testcase name="By clicking login button" classname="Login with valid credentials" time="0.63"/>
  <testcase name="The user should be able to login successfully" classname="Login with valid credentials" time="0.016"/>
  <testcase name="Login with valid credentials" classname="Login with valid credentials" time="0.267"/>
  <testcase name="User has navigate to login page" classname="Login with invalid credentials #1" time="0.722"/>
  <testcase name="While entering invalid Email sample1@gmail.com" classname="Login with invalid credentials #1" time="0.301"/>
  <testcase name="While entering invalid Password 12234" classname="Login with invalid credentials #1" time="0.319"/>
  <testcase name="By clicking login button" classname="Login with invalid credentials #1" time="0.482"/>
  <testcase name="The user should not be able to login successfully" classname="Login with invalid credentials #1" time="0.073"/>
  <testcase name="Login with invalid credentials #1" classname="Login with invalid credentials #1" time="0.303"/>
  <testcase name="User has navigate to login page" classname="Login with invalid credentials #2" time="0.542"/>
  <testcase name="While entering invalid Email sample2@gmail.com" classname="Login with invalid credentials #2" time="0.341"/>
  <testcase name="While entering invalid Password 12234" classname="Login with invalid credentials #2" time="0.228"/>
  <testcase name="By clicking login button" classname="Login with invalid credentials #2" time="0.472"/>
  <testcase name="The user should not be able to login successfully" classname="Login with invalid credentials #2" time="0.044"/>
  <testcase name="Login with invalid credentials #2" classname="Login with invalid credentials #2" time="0.345"/>
  <testcase name="User has navigate to login page" classname="Login with invalid credentials #3" time="0.554"/>
  <testcase name="While entering invalid Email sample3@gmail.com" classname="Login with invalid credentials #3" time="0.292"/>
  <testcase name="While entering invalid Password 12234" classname="Login with invalid credentials #3" time="0.229"/>
  <testcase name="By clicking login button" classname="Login with invalid credentials #3" time="0.356"/>
  <testcase name="The user should not be able to login successfully" classname="Login with invalid credentials #3" time="0.045"/>
  <testcase name="Login with invalid credentials #3" classname="Login with invalid credentials #3" time="0.286"/>
  <testcase name="User has navigate to login page" classname="Login with invalid credentials #4" time="0.535"/>
  <testcase name="While entering invalid Email sample4@gmail.com" classname="Login with invalid credentials #4" time="0.322"/>
  <testcase name="While entering invalid Password 12234" classname="Login with invalid credentials #4" time="0.215"/>
  <testcase name="By clicking login button" classname="Login with invalid credentials #4" time="0.396"/>
  <testcase name="The user should not be able to login successfully" classname="Login with invalid credentials #4" time="0.066"/>
  <testcase name="Login with invalid credentials #4" classname="Login with invalid credentials #4" time="0.272"/>
  <testcase name="User has navigate to login page" classname="Login without credentials" time="0.532"/>
  <testcase name="By clicking login button" classname="Login without credentials" time="0.481"/>
  <testcase name="The user should get a warning message" classname="Login without credentials" time="0.104"/>
  <testcase name="Login without credentials" classname="Login without credentials" time="0.456"/>
  <testcase name="User navigates to the Registration Account Page" classname="Validating all the Registration fields" time="1.016"/>
  <testcase name="The user enter the all the below fields:" classname="Validating all the Registration fields" time="1.27"/>
  <testcase name="Checking the privacy policy" classname="Validating all the Registration fields" time="0.095"/>
  <testcase name="User clicks on continue button" classname="Validating all the Registration fields" time="0.641"/>
  <testcase name="The user should be able to register successfully" classname="Validating all the Registration fields" time="0.084"/>
  <testcase name="Validating all the Registration fields" classname="Validating all the Registration fields" time="0.359"/>
  <testcase name="User navigates to the Registration Account Page" classname="User creates an account without filling the registration details" time="0.965"/>
  <testcase name="The user is not entering any of the mandatory fields" classname="User creates an account without filling the registration details" time="0"/>
  <testcase name="The user clicks on the continue button" classname="User creates an account without filling the registration details" time="0.368"/>
  <testcase name="The user should thrown with warning messages" classname="User creates an account without filling the registration details" time="0.044"/>
  <testcase name="User creates an account without filling the registration details" classname="User creates an account without filling the registration details" time="0.246"/>
  <testcase name="User opens the application" classname="Search text box validation with valid search" time="0"/>
  <testcase name="The user search with valid product called &quot;hp&quot;" classname="Search text box validation with valid search" time="0.228"/>
  <testcase name="The user clicks on the search icon" classname="Search text box validation with valid search" time="0.37"/>
  <testcase name="The search results should get displayed" classname="Search text box validation with valid search" time="0.07"/>
  <testcase name="Search text box validation with valid search" classname="Search text box validation with valid search" time="0.468"/>
  <testcase name="User opens the application" classname="Search text box validation with invalid search" time="0"/>
  <testcase name="The user search with invalid product called &quot;car&quot;" classname="Search text box validation with invalid search" time="0.244"/>
  <testcase name="The user clicks on the search icon" classname="Search text box validation with invalid search" time="0.36"/>
  <testcase name="The user should get a No Product Matches message" classname="Search text box validation with invalid search" time="0.063"/>
  <testcase name="Search text box validation with invalid search" classname="Search text box validation with invalid search" time="0.36"/>
</testsuite>